2021-04-27 08:37:57  [ main:0 ] - [ INFO ]  HikariPool-1 - Starting...
2021-04-27 08:37:58  [ main:816 ] - [ INFO ]  HikariPool-1 - Start completed.
2021-04-27 08:37:59  [ SpringContextShutdownHook:1038 ] - [ INFO ]  HikariPool-1 - Shutdown initiated...
2021-04-27 08:37:59  [ SpringContextShutdownHook:1296 ] - [ INFO ]  HikariPool-1 - Shutdown completed.
2021-04-27 08:38:05  [ main:0 ] - [ INFO ]  HikariPool-1 - Starting...
2021-04-27 08:38:06  [ main:675 ] - [ INFO ]  HikariPool-1 - Start completed.
2021-04-27 08:38:06  [ main:956 ] - [ INFO ]  查到的信息：
[User(id=1, username=Max, birthday=Sat Jan 01 00:00:00 CST 2000, sex=male, address=中国台湾), User(id=2, username=Tom, birthday=Sun Jan 02 00:00:00 CST 2000, sex=男, address=江苏无锡), User(id=3, username=Rose, birthday=Mon Jan 02 00:00:00 CST 1995, sex=女, address=江苏南通)]
2021-04-27 08:38:06  [ SpringContextShutdownHook:1032 ] - [ INFO ]  HikariPool-1 - Shutdown initiated...
2021-04-27 08:38:06  [ SpringContextShutdownHook:1062 ] - [ INFO ]  HikariPool-1 - Shutdown completed.
2021-04-27 08:38:35  [ main:0 ] - [ INFO ]  HikariPool-1 - Starting...
2021-04-27 08:38:36  [ main:533 ] - [ INFO ]  HikariPool-1 - Start completed.
2021-04-27 08:38:36  [ main:657 ] - [ INFO ]  插入用户：User(id=4, username=Lily, birthday=Mon Feb 01 00:00:00 CST 2010, sex=女, address=江苏南京)
2021-04-27 08:38:36  [ SpringContextShutdownHook:680 ] - [ INFO ]  HikariPool-1 - Shutdown initiated...
2021-04-27 08:38:36  [ SpringContextShutdownHook:862 ] - [ INFO ]  HikariPool-1 - Shutdown completed.
2021-04-27 08:42:53  [ main:0 ] - [ INFO ]  HikariPool-1 - Starting...
2021-04-27 08:42:53  [ main:545 ] - [ INFO ]  HikariPool-1 - Start completed.
2021-04-27 08:42:54  [ SpringContextShutdownHook:780 ] - [ INFO ]  HikariPool-1 - Shutdown initiated...
2021-04-27 08:42:54  [ SpringContextShutdownHook:788 ] - [ INFO ]  HikariPool-1 - Shutdown completed.
2021-04-27 08:44:58  [ main:0 ] - [ INFO ]  HikariPool-1 - Starting...
2021-04-27 08:44:58  [ main:597 ] - [ INFO ]  HikariPool-1 - Start completed.
2021-04-27 08:44:59  [ SpringContextShutdownHook:725 ] - [ INFO ]  HikariPool-1 - Shutdown initiated...
2021-04-27 08:44:59  [ SpringContextShutdownHook:937 ] - [ INFO ]  HikariPool-1 - Shutdown completed.
2021-04-27 08:45:27  [ main:0 ] - [ INFO ]  HikariPool-1 - Starting...
2021-04-27 08:45:28  [ main:564 ] - [ INFO ]  HikariPool-1 - Start completed.
2021-04-27 08:45:28  [ SpringContextShutdownHook:755 ] - [ INFO ]  HikariPool-1 - Shutdown initiated...
2021-04-27 08:45:28  [ SpringContextShutdownHook:888 ] - [ INFO ]  HikariPool-1 - Shutdown completed.
2021-04-27 08:57:30  [ main:0 ] - [ INFO ]  HikariPool-1 - Starting...
2021-04-27 08:57:31  [ main:811 ] - [ INFO ]  HikariPool-1 - Start completed.
2021-04-27 08:57:31  [ SpringContextShutdownHook:1004 ] - [ INFO ]  HikariPool-1 - Shutdown initiated...
2021-04-27 08:57:31  [ SpringContextShutdownHook:1459 ] - [ INFO ]  HikariPool-1 - Shutdown completed.
