2021-04-0113:47:31[main:0]-[INFO]HikariPool-1 - Starting...
2021-04-0113:47:31[main:855]-[INFO]HikariPool-1 - Start completed.
2021-04-0113:47:32[SpringContextShutdownHook:1209]-[INFO]HikariPool-1 - Shutdown initiated...
2021-04-0113:47:32[SpringContextShutdownHook:1363]-[INFO]HikariPool-1 - Shutdown completed.
2021-04-0114:07:32[main:0]-[INFO]{dataSource-1} inited
2021-04-0114:07:33[main:405]-[INFO]插入数据：Account{id=11, username='Jack', balance=10000.0}
2021-04-0114:07:33[main:432]-[INFO]插入数据：Account{id=12, username='Rose', balance=500.0}
2021-04-0114:07:33[SpringContextShutdownHook:638]-[INFO]{dataSource-1} closing ...
2021-04-0114:07:33[SpringContextShutdownHook:652]-[INFO]{dataSource-1} closed
2021-04-0114:48:31[main:0]-[INFO]{dataSource-1} inited
2021-04-0114:48:31[SpringContextShutdownHook:310]-[INFO]{dataSource-1} closing ...
2021-04-0114:48:31[SpringContextShutdownHook:326]-[INFO]{dataSource-1} closed
2021-04-0114:50:27[main:0]-[INFO]{dataSource-1} inited
2021-04-0114:50:27[SpringContextShutdownHook:141]-[INFO]{dataSource-1} closing ...
2021-04-0114:50:27[SpringContextShutdownHook:157]-[INFO]{dataSource-1} closed
2021-04-0115:09:31[main:0]-[INFO]{dataSource-1} inited
2021-04-0115:09:31[main:476]-[INFO]插入数据：Account{id=13, username='Jack', balance=10000.0}
2021-04-0115:09:31[main:510]-[INFO]插入数据：Account{id=14, username='Rose', balance=500.0}
2021-04-0115:09:31[SpringContextShutdownHook:680]-[INFO]{dataSource-1} closing ...
2021-04-0115:09:31[SpringContextShutdownHook:695]-[INFO]{dataSource-1} closed
2021-04-0115:15:34[main:0]-[INFO]HikariPool-1 - Starting...
2021-04-0115:15:35[main:746]-[INFO]HikariPool-1 - Start completed.
2021-04-0115:15:36[SpringContextShutdownHook:1510]-[INFO]HikariPool-1 - Shutdown initiated...
2021-04-0115:15:36[SpringContextShutdownHook:1518]-[INFO]HikariPool-1 - Shutdown completed.
2021-04-0115:16:10[main:0]-[INFO]HikariPool-1 - Starting...
2021-04-0115:16:11[main:748]-[INFO]HikariPool-1 - Start completed.
2021-04-0115:16:12[SpringContextShutdownHook:1886]-[INFO]HikariPool-1 - Shutdown initiated...
2021-04-0115:16:12[SpringContextShutdownHook:1893]-[INFO]HikariPool-1 - Shutdown completed.
