2021-04-23 12:46:36  [ main:0 ] - [ INFO ]  HikariPool-1 - Starting...
2021-04-23 12:46:37  [ main:1740 ] - [ INFO ]  HikariPool-1 - Start completed.
2021-04-23 12:46:38  [ main:2122 ] - [ INFO ]  查询所有用户
2021-04-23 12:46:38  [ main:2123 ] - [ INFO ]  [Account(id=2, username=John, balance=10000.0), Account(id=3, username=Jack, balance=8400.0), Account(id=4, username=Rose, balance=500.0), Account(id=5, username=Tim, balance=9000.0), Account(id=6, username=Steve, balance=500.0), Account(id=7, username=Chuhelan, balance=9400.0), Account(id=8, username=New, balance=500.0), Account(id=9, username=Alice, balance=9800.0), Account(id=10, username=Alex, balance=500.0), Account(id=11, username=Jack, balance=9400.0), Account(id=12, username=Rose, balance=500.0), Account(id=13, username=Jack, balance=9800.0), Account(id=14, username=Rose, balance=500.0), Account(id=15, username=Jack, balance=10000.0), Account(id=16, username=Rose, balance=500.0)]
2021-04-23 12:46:38  [ SpringContextShutdownHook:2131 ] - [ INFO ]  HikariPool-1 - Shutdown initiated...
2021-04-23 12:46:38  [ SpringContextShutdownHook:2141 ] - [ INFO ]  HikariPool-1 - Shutdown completed.
2021-04-23 12:48:27  [ main:0 ] - [ INFO ]  HikariPool-1 - Starting...
2021-04-23 12:48:28  [ main:580 ] - [ INFO ]  HikariPool-1 - Start completed.
2021-04-23 12:48:28  [ main:1025 ] - [ INFO ]  查询所有用户
2021-04-23 12:48:28  [ main:1026 ] - [ INFO ]  [Account(id=1, username=张三, balance=4400.0), Account(id=2, username=John, balance=10000.0), Account(id=3, username=Jack, balance=4200.0), Account(id=4, username=Tom, balance=1000.0), Account(id=5, username=Mike, balance=10200.0), Account(id=12, username=Jerry, balance=10000.0)]
2021-04-23 12:48:28  [ SpringContextShutdownHook:1036 ] - [ INFO ]  HikariPool-1 - Shutdown initiated...
2021-04-23 12:48:28  [ SpringContextShutdownHook:1057 ] - [ INFO ]  HikariPool-1 - Shutdown completed.
2021-04-23 12:49:34  [ main:0 ] - [ INFO ]  HikariPool-1 - Starting...
2021-04-23 12:49:34  [ main:616 ] - [ INFO ]  HikariPool-1 - Start completed.
2021-04-23 12:49:35  [ main:752 ] - [ INFO ]  查询所有用户
2021-04-23 12:49:35  [ main:752 ] - [ INFO ]  [Account(id=1, username=张三, balance=4400.0), Account(id=2, username=John, balance=10000.0), Account(id=3, username=Jack, balance=4200.0), Account(id=4, username=Tom, balance=1000.0), Account(id=5, username=Mike, balance=10200.0), Account(id=12, username=Jerry, balance=10000.0)]
2021-04-23 12:49:35  [ SpringContextShutdownHook:792 ] - [ INFO ]  HikariPool-1 - Shutdown initiated...
2021-04-23 12:49:35  [ SpringContextShutdownHook:957 ] - [ INFO ]  HikariPool-1 - Shutdown completed.
2021-04-23 12:50:46  [ main:0 ] - [ INFO ]  HikariPool-1 - Starting...
2021-04-23 12:50:47  [ main:606 ] - [ INFO ]  HikariPool-1 - Start completed.
2021-04-23 12:50:47  [ SpringContextShutdownHook:979 ] - [ INFO ]  HikariPool-1 - Shutdown initiated...
2021-04-23 12:50:47  [ SpringContextShutdownHook:991 ] - [ INFO ]  HikariPool-1 - Shutdown completed.
2021-04-23 12:53:19  [ main:0 ] - [ INFO ]  HikariPool-1 - Starting...
2021-04-23 12:53:20  [ main:644 ] - [ INFO ]  HikariPool-1 - Start completed.
2021-04-23 12:53:21  [ SpringContextShutdownHook:1042 ] - [ INFO ]  HikariPool-1 - Shutdown initiated...
2021-04-23 12:53:21  [ SpringContextShutdownHook:1054 ] - [ INFO ]  HikariPool-1 - Shutdown completed.
2021-04-23 12:53:50  [ main:0 ] - [ INFO ]  HikariPool-1 - Starting...
2021-04-23 12:53:51  [ main:618 ] - [ INFO ]  HikariPool-1 - Start completed.
2021-04-23 12:53:51  [ SpringContextShutdownHook:1005 ] - [ INFO ]  HikariPool-1 - Shutdown initiated...
2021-04-23 12:53:51  [ SpringContextShutdownHook:1023 ] - [ INFO ]  HikariPool-1 - Shutdown completed.
2021-04-23 12:55:22  [ main:0 ] - [ INFO ]  HikariPool-1 - Starting...
2021-04-23 12:55:23  [ main:625 ] - [ INFO ]  HikariPool-1 - Start completed.
2021-04-23 12:55:23  [ SpringContextShutdownHook:933 ] - [ INFO ]  HikariPool-1 - Shutdown initiated...
2021-04-23 12:55:23  [ SpringContextShutdownHook:956 ] - [ INFO ]  HikariPool-1 - Shutdown completed.
2021-04-23 12:55:36  [ main:0 ] - [ INFO ]  HikariPool-1 - Starting...
2021-04-23 12:55:36  [ main:665 ] - [ INFO ]  HikariPool-1 - Start completed.
2021-04-23 12:55:37  [ main:1010 ] - [ INFO ]  查询所有用户
2021-04-23 12:55:37  [ main:1011 ] - [ INFO ]  [Account(id=1, username=张三, balance=4000.0), Account(id=2, username=John, balance=10400.0), Account(id=3, username=Jack, balance=4200.0), Account(id=4, username=Tom, balance=1000.0), Account(id=5, username=Mike, balance=10200.0), Account(id=12, username=Jerry, balance=10000.0)]
2021-04-23 12:55:37  [ SpringContextShutdownHook:1022 ] - [ INFO ]  HikariPool-1 - Shutdown initiated...
2021-04-23 12:55:37  [ SpringContextShutdownHook:1041 ] - [ INFO ]  HikariPool-1 - Shutdown completed.
