2021-04-20 08:26:29  [ main:0 ] - [ INFO ]  [Order(id=1, createtime=Sat Jun 12 16:55:34 CST 2010, price=2000.0, remark=无, user=User(id=2, username=Tom, birthday=Sun Jan 02 00:00:00 CST 2000, sex=男, address=江苏无锡, roles=null)), Order(id=2, createtime=Mon Jun 12 16:50:34 CST 2000, price=3000.0, remark=无, user=User(id=1, username=Max, birthday=Sat Jan 01 00:00:00 CST 2000, sex=male, address=中国台湾, roles=null)), Order(id=3, createtime=Thu Jun 19 16:50:30 CST 2003, price=1000.0, remark=无, user=User(id=2, username=Tom, birthday=Sun Jan 02 00:00:00 CST 2000, sex=男, address=江苏无锡, roles=null)), Order(id=4, createtime=Sun Jun 12 16:30:50 CST 2005, price=6000.0, remark=无, user=User(id=3, username=Rose, birthday=Mon Jan 02 00:00:00 CST 1995, sex=女, address=江苏南通, roles=null))]
2021-04-20 08:31:49  [ main:0 ] - [ INFO ]  user:User(id=1, username=Max, birthday=Sat Jan 01 00:00:00 CST 2000, sex=male, address=中国台湾, roles=null)
2021-04-20 08:55:44  [ main:0 ] - [ INFO ]  带角色的user:User(id=1, username=Max, birthday=Sat Jan 01 00:00:00 CST 2000, sex=male, address=中国台湾, roles=[Role(id=1, name=CEO, description=执行官)])
2021-04-20 08:58:08  [ main:0 ] - [ INFO ]  带角色的user:User(id=2, username=Tom, birthday=Sun Jan 02 00:00:00 CST 2000, sex=男, address=江苏无锡, roles=[Role(id=2, name=总经理, description=部门负责人)])
2021-04-20 09:11:28  [ main:0 ] - [ INFO ]  带角色的user:User(id=2, username=Tom, birthday=Sun Jan 02 00:00:00 CST 2000, sex=男, address=江苏无锡, roles=[Role(id=1, name=总经理, description=部门负责人)])
2021-04-20 09:12:08  [ main:0 ] - [ INFO ]  带角色的user:User(id=2, username=Tom, birthday=Sun Jan 02 00:00:00 CST 2000, sex=男, address=江苏无锡, roles=[Role(id=1, name=总经理, description=部门负责人)])
2021-04-20 09:15:11  [ main:0 ] - [ INFO ]  带角色的user:User(id=2, username=Tom, birthday=Sun Jan 02 00:00:00 CST 2000, sex=男, address=江苏无锡, roles=[Role(id=1, name=总经理, description=部门负责人)])
2021-04-20 09:29:19  [ main:0 ] - [ INFO ]  带角色的user:User(id=2, username=Tom, birthday=Sun Jan 02 00:00:00 CST 2000, sex=男, address=江苏无锡, roles=[Role(id=1, name=总经理, description=部门负责人)])
2021-04-20 09:29:36  [ main:0 ] - [ INFO ]  带角色的user:User(id=1, username=Max, birthday=Sat Jan 01 00:00:00 CST 2000, sex=male, address=中国台湾, roles=[Role(id=2, name=CEO, description=执行官)])
2021-04-20 09:30:32  [ main:0 ] - [ INFO ]  带角色的user:User(id=1, username=Max, birthday=Sat Jan 01 00:00:00 CST 2000, sex=male, address=中国台湾, roles=[Role(id=2, name=CEO, description=执行官)])
2021-04-20 09:30:58  [ main:0 ] - [ INFO ]  带角色的user:User(id=1, username=Max, birthday=Sat Jan 01 00:00:00 CST 2000, sex=male, address=中国台湾, roles=[Role(id=2, name=CEO, description=执行官), Role(id=1, name=总经理, description=部门负责人)])
2021-04-20 09:39:58  [ main:0 ] - [ INFO ]  [Role(id=1, name=总经理, description=部门负责人), Role(id=2, name=CEO, description=执行官), Role(id=3, name=程序员, description=写代码的人), Role(id=4, name=厨师, description=烹饪的人)]
2021-04-20 09:47:09  [ main:0 ] - [ INFO ]  [Role(id=1, name=总经理, description=部门负责人), Role(id=2, name=CEO, description=执行官), Role(id=3, name=程序员, description=写代码的人), Role(id=4, name=厨师, description=烹饪的人)]
2021-04-20 09:57:04  [ main:0 ] - [ INFO ]  [Role(id=1, name=总经理, description=部门负责人), Role(id=2, name=CEO, description=执行官), Role(id=3, name=程序员, description=写代码的人), Role(id=4, name=厨师, description=烹饪的人)]
2021-04-20 10:01:49  [ main:0 ] - [ INFO ]  找到的角色为:Role(id=1, name=总经理, description=部门负责人)
2021-04-20 10:02:01  [ main:0 ] - [ INFO ]  找到的角色为:Role(id=2, name=CEO, description=执行官)
2021-04-20 10:04:08  [ main:0 ] - [ INFO ]  找到的角色为:Role(id=4, name=厨师, description=烹饪的人)
2021-04-20 10:41:39  [ main:0 ] - [ INFO ]  查询姓名中有o的用户：[User(id=2, username=Tom, birthday=Sun Jan 02 00:00:00 CST 2000, sex=男, address=江苏无锡, roles=null), User(id=3, username=Rose, birthday=Mon Jan 02 00:00:00 CST 1995, sex=女, address=江苏南通, roles=null)]
2021-04-20 10:50:56  [ main:0 ] - [ INFO ]  根据用户id查询角色信息：[Role(id=1, name=总经理, description=部门负责人), Role(id=2, name=CEO, description=执行官)]
2021-04-20 11:00:30  [ main:0 ] - [ INFO ]  根据用户id查询角色信息：[Role(id=1, name=总经理, description=部门负责人), Role(id=2, name=CEO, description=执行官)]
2021-04-20 11:01:51  [ main:0 ] - [ INFO ]  查询姓名中有o的用户：[User(id=2, username=Tom, birthday=Sun Jan 02 00:00:00 CST 2000, sex=男, address=江苏无锡, roles=[Role(id=1, name=总经理, description=部门负责人), Role(id=3, name=程序员, description=写代码的人), Role(id=3, name=程序员, description=写代码的人)]), User(id=3, username=Rose, birthday=Mon Jan 02 00:00:00 CST 1995, sex=女, address=江苏南通, roles=[])]
